<?xml version="1.0" encoding="UTF-8"?>
<testsuite xmlns:xsi="http://www.w3.org/2001/XMLSchema-instance" xsi:noNamespaceSchemaLocation="https://maven.apache.org/surefire/maven-surefire-plugin/xsd/surefire-test-report.xsd" version="3.0.1" name="es.uva.sockets.AppTest" time="0.711" tests="8" errors="0" skipped="0" failures="0">
  <properties>
[...]
</properties>
  <testcase name="shouldDig" classname="es.uva.sockets.AppTest" time="0.17">
    <system-out><![CDATA[Servidor inicializado en: 0
Cliente conectado en localhost:46243
Socket aceptado: Socket[addr=/127.0.0.1,port=46244,localport=46243]
Jugador creado: Id=1, Coordenadas=es.uva.sockets.Coordenadas@c730b35
ManagerCliente creado para el jugador: 1
Mensaje enviado al jugador: 1
Broadcast enviado: PLAYER JOIN 1 0 0
Mensaje recibido del servidor: PLAYER JOIN 1 0 0
&amp#27;[H&amp#27;[2J----------
| A|  |  |
----------
|  |  |  |
----------
|  |  |  |
----------
Cliente conectado en localhost:46243
Socket aceptado: Socket[addr=/127.0.0.1,port=46245,localport=46243]
Jugador creado: Id=2, Coordenadas=es.uva.sockets.Coordenadas@385c9627
ManagerCliente creado para el jugador: 2
Mensaje enviado al jugador: 2
Broadcast enviado: PLAYER JOIN 2 0 0
Mensaje recibido del servidor: PLAYER JOIN 1 1 1
&amp#27;[H&amp#27;[2J----------
|  |  |  |
----------
|  | A|  |
----------
|  |  |  |
----------
Mensaje recibido del servidor: PLAYER JOIN 2 0 0
&amp#27;[H&amp#27;[2J----------
| B|  |  |
----------
|  | A|  |
----------
|  |  |  |
----------
Mensaje recibido del servidor: PLAYER JOIN 2 0 0
&amp#27;[H&amp#27;[2J----------
| B|  |  |
----------
|  | A|  |
----------
|  |  |  |
----------
Introduce un comando: Comando enviado al servidor: DIG
Broadcast enviado: DIG 1 false
Mensaje recibido del servidor: DIG 1 false
Coordenada añadida: 1,1
&amp#27;[H&amp#27;[2J----------
| B|  |  |
----------
|  | A|  |
----------
|  |  |  |
----------
Mensaje recibido del servidor: DIG 1 false
Coordenada añadida: 1,1
&amp#27;[H&amp#27;[2J----------
| B|  |  |
----------
|  | A|  |
----------
|  |  |  |
----------
]]></system-out>
  </testcase>
  <testcase name="shouldEnd" classname="es.uva.sockets.AppTest" time="0.046">
    <system-out><![CDATA[Servidor inicializado en: 0
Cliente conectado en localhost:46246
Socket aceptado: Socket[addr=/127.0.0.1,port=46247,localport=46246]
Jugador creado: Id=1, Coordenadas=es.uva.sockets.Coordenadas@5e5d171f
ManagerCliente creado para el jugador: 1
Mensaje enviado al jugador: 1
Broadcast enviado: PLAYER JOIN 1 0 0
Mensaje recibido del servidor: PLAYER JOIN 1 0 0
&amp#27;[H&amp#27;[2J----------
| A|  |  |
----------
|  |  |  |
----------
|  |  |  |
----------
Cliente conectado en localhost:46246
Socket aceptado: Socket[addr=/127.0.0.1,port=46248,localport=46246]
Jugador creado: Id=2, Coordenadas=es.uva.sockets.Coordenadas@24313fcc
ManagerCliente creado para el jugador: 2
Mensaje enviado al jugador: 2
Broadcast enviado: PLAYER JOIN 2 0 0
Mensaje recibido del servidor: PLAYER JOIN 1 1 1
&amp#27;[H&amp#27;[2J----------
|  |  |  |
----------
|  | A|  |
----------
|  |  |  |
----------
Mensaje recibido del servidor: PLAYER JOIN 2 0 0
&amp#27;[H&amp#27;[2J----------
| B|  |  |
----------
|  | A|  |
----------
|  |  |  |
----------
Mensaje recibido del servidor: PLAYER JOIN 2 0 0
&amp#27;[H&amp#27;[2J----------
| B|  |  |
----------
|  | A|  |
----------
|  |  |  |
----------
Introduce un comando: Comando enviado al servidor: DIG
Broadcast enviado: DIG 1 true
Mensaje recibido del servidor: DIG 1 true
Coordenada añadida: 1,1
El tesoro ha sido encontrado por el Jugador: 1
&amp#27;[H&amp#27;[2J----------
| B|  |  |
----------
|  | A|  |
----------
|  |  |  |
----------
Mensaje recibido del servidor: DIG 1 true
Coordenada añadida: 1,1
El tesoro ha sido encontrado por el Jugador: 1
&amp#27;[H&amp#27;[2J----------
| B|  |  |
----------
|  | A|  |
----------
|  |  |  |
----------
]]></system-out>
  </testcase>
  <testcase name="shouldJoin" classname="es.uva.sockets.AppTest" time="0.015">
    <system-out><![CDATA[Servidor inicializado en: 0
Cliente conectado en localhost:46249
Socket aceptado: Socket[addr=/127.0.0.1,port=46250,localport=46249]
Jugador creado: Id=1, Coordenadas=es.uva.sockets.Coordenadas@7d20d0b
ManagerCliente creado para el jugador: 1
Mensaje enviado al jugador: 1
Broadcast enviado: PLAYER JOIN 1 0 0
Mensaje recibido del servidor: PLAYER JOIN 1 0 0
&amp#27;[H&amp#27;[2J----------
| A|  |  |
----------
|  |  |  |
----------
|  |  |  |
----------
]]></system-out>
  </testcase>
  <testcase name="shouldMove(String, int, int)[1]" classname="es.uva.sockets.AppTest" time="0.095">
    <system-out><![CDATA[Servidor inicializado en: 0
Cliente conectado en localhost:46251
Socket aceptado: Socket[addr=/127.0.0.1,port=46252,localport=46251]
Jugador creado: Id=1, Coordenadas=es.uva.sockets.Coordenadas@6283d8b8
ManagerCliente creado para el jugador: 1
Mensaje enviado al jugador: 1
Broadcast enviado: PLAYER JOIN 1 0 0
Mensaje recibido del servidor: PLAYER JOIN 1 0 0
&amp#27;[H&amp#27;[2J----------
| A|  |  |
----------
|  |  |  |
----------
|  |  |  |
----------
Cliente conectado en localhost:46251
Socket aceptado: Socket[addr=/127.0.0.1,port=46253,localport=46251]
Jugador creado: Id=2, Coordenadas=es.uva.sockets.Coordenadas@3b6ddd1d
ManagerCliente creado para el jugador: 2
Mensaje enviado al jugador: 2
Broadcast enviado: PLAYER JOIN 2 0 0
Mensaje recibido del servidor: PLAYER JOIN 1 1 1
&amp#27;[H&amp#27;[2J----------
|  |  |  |
----------
|  | A|  |
----------
|  |  |  |
----------
Mensaje recibido del servidor: PLAYER JOIN 2 0 0
&amp#27;[H&amp#27;[2J----------
| B|  |  |
----------
|  | A|  |
----------
|  |  |  |
----------
Mensaje recibido del servidor: PLAYER JOIN 2 0 0
&amp#27;[H&amp#27;[2J----------
| B|  |  |
----------
|  | A|  |
----------
|  |  |  |
----------
Introduce un comando: Comando enviado al servidor: MOVE UP
Broadcast enviado: MOVE UP 1
Mensaje recibido del servidor: MOVE UP 1
&amp#27;[H&amp#27;[2J----------
| B| A|  |
----------
|  |  |  |
----------
|  |  |  |
----------
Mensaje recibido del servidor: MOVE UP 1
&amp#27;[H&amp#27;[2J----------
| B| A|  |
----------
|  |  |  |
----------
|  |  |  |
----------
]]></system-out>
  </testcase>
  <testcase name="shouldMove(String, int, int)[2]" classname="es.uva.sockets.AppTest" time="0.02">
    <system-out><![CDATA[Servidor inicializado en: 0
Cliente conectado en localhost:46254
Socket aceptado: Socket[addr=/127.0.0.1,port=46255,localport=46254]
Jugador creado: Id=1, Coordenadas=es.uva.sockets.Coordenadas@25fb8912
ManagerCliente creado para el jugador: 1
Mensaje enviado al jugador: 1
Broadcast enviado: PLAYER JOIN 1 0 0
Mensaje recibido del servidor: PLAYER JOIN 1 0 0
&amp#27;[H&amp#27;[2J----------
| A|  |  |
----------
|  |  |  |
----------
|  |  |  |
----------
Cliente conectado en localhost:46254
Socket aceptado: Socket[addr=/127.0.0.1,port=46256,localport=46254]
Jugador creado: Id=2, Coordenadas=es.uva.sockets.Coordenadas@7c24b813
ManagerCliente creado para el jugador: 2
Mensaje enviado al jugador: 2
Broadcast enviado: PLAYER JOIN 2 0 0
Mensaje recibido del servidor: PLAYER JOIN 1 1 1
&amp#27;[H&amp#27;[2J----------
|  |  |  |
----------
|  | A|  |
----------
|  |  |  |
----------
Mensaje recibido del servidor: PLAYER JOIN 2 0 0
&amp#27;[H&amp#27;[2J----------
| B|  |  |
----------
|  | A|  |
----------
|  |  |  |
----------
Mensaje recibido del servidor: PLAYER JOIN 2 0 0
&amp#27;[H&amp#27;[2J----------
| B|  |  |
----------
|  | A|  |
----------
|  |  |  |
----------
Introduce un comando: Comando enviado al servidor: MOVE DOWN
Broadcast enviado: MOVE DOWN 1
Mensaje recibido del servidor: MOVE DOWN 1
&amp#27;[H&amp#27;[2J----------
| B|  |  |
----------
|  |  |  |
----------
|  | A|  |
----------
Mensaje recibido del servidor: MOVE DOWN 1
&amp#27;[H&amp#27;[2J----------
| B|  |  |
----------
|  |  |  |
----------
|  | A|  |
----------
]]></system-out>
  </testcase>
  <testcase name="shouldMove(String, int, int)[3]" classname="es.uva.sockets.AppTest" time="0.014">
    <system-out><![CDATA[Servidor inicializado en: 0
Cliente conectado en localhost:46257
Socket aceptado: Socket[addr=/127.0.0.1,port=46258,localport=46257]
Jugador creado: Id=1, Coordenadas=es.uva.sockets.Coordenadas@2c35e847
ManagerCliente creado para el jugador: 1
Mensaje enviado al jugador: 1
Broadcast enviado: PLAYER JOIN 1 0 0
Mensaje recibido del servidor: PLAYER JOIN 1 0 0
&amp#27;[H&amp#27;[2J----------
| A|  |  |
----------
|  |  |  |
----------
|  |  |  |
----------
Cliente conectado en localhost:46257
Socket aceptado: Socket[addr=/127.0.0.1,port=46259,localport=46257]
Jugador creado: Id=2, Coordenadas=es.uva.sockets.Coordenadas@7bd4937b
ManagerCliente creado para el jugador: 2
Mensaje enviado al jugador: 2
Broadcast enviado: PLAYER JOIN 2 0 0
Mensaje recibido del servidor: PLAYER JOIN 1 1 1
&amp#27;[H&amp#27;[2J----------
|  |  |  |
----------
|  | A|  |
----------
|  |  |  |
----------
Mensaje recibido del servidor: PLAYER JOIN 2 0 0
&amp#27;[H&amp#27;[2J----------
| B|  |  |
----------
|  | A|  |
----------
|  |  |  |
----------
Mensaje recibido del servidor: PLAYER JOIN 2 0 0
&amp#27;[H&amp#27;[2J----------
| B|  |  |
----------
|  | A|  |
----------
|  |  |  |
----------
Introduce un comando: Comando enviado al servidor: MOVE LEFT
Broadcast enviado: MOVE LEFT 1
Mensaje recibido del servidor: MOVE LEFT 1
&amp#27;[H&amp#27;[2J----------
| B|  |  |
----------
| A|  |  |
----------
|  |  |  |
----------
Mensaje recibido del servidor: MOVE LEFT 1
&amp#27;[H&amp#27;[2J----------
| B|  |  |
----------
| A|  |  |
----------
|  |  |  |
----------
]]></system-out>
  </testcase>
  <testcase name="shouldMove(String, int, int)[4]" classname="es.uva.sockets.AppTest" time="0.017">
    <system-out><![CDATA[Servidor inicializado en: 0
Cliente conectado en localhost:46260
Socket aceptado: Socket[addr=/127.0.0.1,port=46261,localport=46260]
Jugador creado: Id=1, Coordenadas=es.uva.sockets.Coordenadas@21e360a
ManagerCliente creado para el jugador: 1
Mensaje enviado al jugador: 1
Broadcast enviado: PLAYER JOIN 1 0 0
Mensaje recibido del servidor: PLAYER JOIN 1 0 0
&amp#27;[H&amp#27;[2J----------
| A|  |  |
----------
|  |  |  |
----------
|  |  |  |
----------
Cliente conectado en localhost:46260
Socket aceptado: Socket[addr=/127.0.0.1,port=46262,localport=46260]
Jugador creado: Id=2, Coordenadas=es.uva.sockets.Coordenadas@5ba3f27a
ManagerCliente creado para el jugador: 2
Mensaje enviado al jugador: 2
Broadcast enviado: PLAYER JOIN 2 0 0
Mensaje recibido del servidor: PLAYER JOIN 1 1 1
&amp#27;[H&amp#27;[2J----------
|  |  |  |
----------
|  | A|  |
----------
|  |  |  |
----------
Mensaje recibido del servidor: PLAYER JOIN 2 0 0
&amp#27;[H&amp#27;[2J----------
| B|  |  |
----------
|  | A|  |
----------
|  |  |  |
----------
Mensaje recibido del servidor: PLAYER JOIN 2 0 0
&amp#27;[H&amp#27;[2J----------
| B|  |  |
----------
|  | A|  |
----------
|  |  |  |
----------
Introduce un comando: Comando enviado al servidor: MOVE RIGHT
Broadcast enviado: MOVE RIGHT 1
Mensaje recibido del servidor: MOVE RIGHT 1
&amp#27;[H&amp#27;[2J----------
| B|  |  |
----------
|  |  | A|
----------
|  |  |  |
----------
Mensaje recibido del servidor: MOVE RIGHT 1
&amp#27;[H&amp#27;[2J----------
| B|  |  |
----------
|  |  | A|
----------
|  |  |  |
----------
]]></system-out>
  </testcase>
  <testcase name="shouldBroadcastJoin" classname="es.uva.sockets.AppTest" time="0.013">
    <system-out><![CDATA[Servidor inicializado en: 0
Cliente conectado en localhost:46263
Socket aceptado: Socket[addr=/127.0.0.1,port=46264,localport=46263]
Jugador creado: Id=1, Coordenadas=es.uva.sockets.Coordenadas@741a8937
ManagerCliente creado para el jugador: 1
Mensaje enviado al jugador: 1
Broadcast enviado: PLAYER JOIN 1 0 0
Mensaje recibido del servidor: PLAYER JOIN 1 0 0
&amp#27;[H&amp#27;[2J----------
| A|  |  |
----------
|  |  |  |
----------
|  |  |  |
----------
Cliente conectado en localhost:46263
Socket aceptado: Socket[addr=/127.0.0.1,port=46265,localport=46263]
Jugador creado: Id=2, Coordenadas=es.uva.sockets.Coordenadas@306e95ec
ManagerCliente creado para el jugador: 2
Mensaje enviado al jugador: 2
Broadcast enviado: PLAYER JOIN 2 0 0
Mensaje recibido del servidor: PLAYER JOIN 2 0 0
&amp#27;[H&amp#27;[2J----------
| B|  |  |
----------
|  |  |  |
----------
|  |  |  |
----------
Mensaje recibido del servidor: PLAYER JOIN 1 0 0
&amp#27;[H&amp#27;[2J----------
| A|  |  |
----------
|  |  |  |
----------
|  |  |  |
----------
Mensaje recibido del servidor: PLAYER JOIN 2 0 0
&amp#27;[H&amp#27;[2J----------
| B|  |  |
----------
|  |  |  |
----------
|  |  |  |
----------
]]></system-out>
  </testcase>
</testsuite>